18:36:42.713 request:
1 > GET http://localhost:8080/findAllCustomer/2
1 > Accept-Encoding: gzip,deflate
1 > Connection: Keep-Alive
1 > Host: localhost:8080
1 > User-Agent: Apache-HttpClient/4.5.13 (Java/1.8.0_131)

18:36:42.828 response time in milliseconds: 106.82
1 < 200
1 < Connection: keep-alive
1 < Content-Type: application/json
1 < Date: Wed, 23 Jun 2021 13:06:42 GMT
1 < Keep-Alive: timeout=60
1 < Transfer-Encoding: chunked
{"cId":2,"cName":"abc","cAddress":"fve"}

18:36:42.837 [print] expectedoutput-----> [
  {
    "cId": 1,
    "cName": "abcd",
    "cAddress": "fvev"
  },
  {
    "cId": 2,
    "cName": "abc",
    "cAddress": "fve"
  },
  {
    "cId": 3,
    "cName": "abcd",
    "cAddress": "fvev"
  },
  {
    "cId": 4,
    "cName": "h",
    "cAddress": "asjcc"
  }
]

18:36:42.838 [print] {
  "cId": 2,
  "cName": "abc",
  "cAddress": "fve"
}

